2015-10-21 14:26:45,548 - Log4JLogChute initialized using file 'velocity.log'
2015-10-21 14:26:45,548 - Velocity was not initialized! Calling init()...
2015-10-21 14:26:45,549 - Starting Apache Velocity v1.5 (compiled: 2007-02-22 08:52:29)
2015-10-21 14:26:45,549 - Default Properties File: org/apache/velocity/runtime/defaults/velocity.properties
2015-10-21 14:26:45,549 - Trying to use logger class org.apache.velocity.runtime.log.AvalonLogChute
2015-10-21 14:26:45,550 - Couldn't find class org.apache.velocity.runtime.log.AvalonLogChute or necessary supporting classes in classpath.
java.lang.NoClassDefFoundError: org/apache/log/format/Formatter
	at java.lang.Class.forName0(Native Method)
	at java.lang.Class.forName(Class.java:270)
	at org.apache.velocity.util.ClassUtils.getClass(ClassUtils.java:63)
	at org.apache.velocity.util.ClassUtils.getNewInstance(ClassUtils.java:95)
	at org.apache.velocity.runtime.log.LogManager.createLogChute(LogManager.java:147)
	at org.apache.velocity.runtime.log.LogManager.updateLog(LogManager.java:208)
	at org.apache.velocity.runtime.RuntimeInstance.initializeLog(RuntimeInstance.java:728)
	at org.apache.velocity.runtime.RuntimeInstance.init(RuntimeInstance.java:240)
	at org.apache.velocity.runtime.RuntimeInstance.parse(RuntimeInstance.java:993)
	at org.apache.velocity.runtime.RuntimeInstance.parse(RuntimeInstance.java:972)
	at org.apache.velocity.runtime.RuntimeSingleton.parse(RuntimeSingleton.java:265)
	at org.apache.velocity.app.Velocity.evaluate(Velocity.java:274)
	at org.sonatype.mavenbook.weather.WeatherFormatter.format(WeatherFormatter.java:21)
	at org.sonatype.mavenbook.weather.WeatherFormatterTest.testFormat(WeatherFormatterTest.java:23)
	at sun.reflect.NativeMethodAccessorImpl.invoke0(Native Method)
	at sun.reflect.NativeMethodAccessorImpl.invoke(NativeMethodAccessorImpl.java:57)
	at sun.reflect.DelegatingMethodAccessorImpl.invoke(DelegatingMethodAccessorImpl.java:43)
	at java.lang.reflect.Method.invoke(Method.java:606)
	at junit.framework.TestCase.runTest(TestCase.java:176)
	at junit.framework.TestCase.runBare(TestCase.java:141)
	at junit.framework.TestResult$1.protect(TestResult.java:122)
	at junit.framework.TestResult.runProtected(TestResult.java:142)
	at junit.framework.TestResult.run(TestResult.java:125)
	at junit.framework.TestCase.run(TestCase.java:129)
	at junit.framework.TestSuite.runTest(TestSuite.java:252)
	at junit.framework.TestSuite.run(TestSuite.java:247)
	at org.junit.internal.runners.JUnit38ClassRunner.run(JUnit38ClassRunner.java:86)
	at org.apache.maven.surefire.junit4.JUnit4TestSet.execute(JUnit4TestSet.java:53)
	at org.apache.maven.surefire.junit4.JUnit4Provider.executeTestSet(JUnit4Provider.java:123)
	at org.apache.maven.surefire.junit4.JUnit4Provider.invoke(JUnit4Provider.java:104)
	at sun.reflect.NativeMethodAccessorImpl.invoke0(Native Method)
	at sun.reflect.NativeMethodAccessorImpl.invoke(NativeMethodAccessorImpl.java:57)
	at sun.reflect.DelegatingMethodAccessorImpl.invoke(DelegatingMethodAccessorImpl.java:43)
	at java.lang.reflect.Method.invoke(Method.java:606)
	at org.apache.maven.surefire.util.ReflectionUtils.invokeMethodWithArray(ReflectionUtils.java:164)
	at org.apache.maven.surefire.booter.ProviderFactory$ProviderProxy.invoke(ProviderFactory.java:110)
	at org.apache.maven.surefire.booter.SurefireStarter.invokeProvider(SurefireStarter.java:175)
	at org.apache.maven.surefire.booter.SurefireStarter.runSuitesInProcessWhenForked(SurefireStarter.java:107)
	at org.apache.maven.surefire.booter.ForkedBooter.main(ForkedBooter.java:68)
Caused by: java.lang.ClassNotFoundException: org.apache.log.format.Formatter
	at java.net.URLClassLoader$1.run(URLClassLoader.java:366)
	at java.net.URLClassLoader$1.run(URLClassLoader.java:355)
	at java.security.AccessController.doPrivileged(Native Method)
	at java.net.URLClassLoader.findClass(URLClassLoader.java:354)
	at java.lang.ClassLoader.loadClass(ClassLoader.java:425)
	at sun.misc.Launcher$AppClassLoader.loadClass(Launcher.java:308)
	at java.lang.ClassLoader.loadClass(ClassLoader.java:358)
	... 39 more
2015-10-21 14:26:45,554 - Trying to use logger class org.apache.velocity.runtime.log.Log4JLogChute
2015-10-21 14:26:45,554 - Using logger class org.apache.velocity.runtime.log.Log4JLogChute
2015-10-21 14:26:45,557 - Default ResourceManager initializing. (class org.apache.velocity.runtime.resource.ResourceManagerImpl)
2015-10-21 14:26:45,561 - ResourceLoader instantiated: org.apache.velocity.runtime.resource.loader.FileResourceLoader
2015-10-21 14:26:45,564 - Do unicode file recognition:  false
2015-10-21 14:26:45,564 - FileResourceLoader : adding path '.'
2015-10-21 14:26:45,581 - ResourceCache: initialized (class org.apache.velocity.runtime.resource.ResourceCacheImpl)
2015-10-21 14:26:45,582 - Loaded System Directive: org.apache.velocity.runtime.directive.Literal
2015-10-21 14:26:45,583 - Loaded System Directive: org.apache.velocity.runtime.directive.Macro
2015-10-21 14:26:45,584 - Loaded System Directive: org.apache.velocity.runtime.directive.Parse
2015-10-21 14:26:45,585 - Loaded System Directive: org.apache.velocity.runtime.directive.Include
2015-10-21 14:26:45,586 - Loaded System Directive: org.apache.velocity.runtime.directive.Foreach
2015-10-21 14:26:45,628 - Created '20' parsers.
2015-10-21 14:26:45,636 - Velocimacro : "velocimacro.library" is not set.  Trying default library: VM_global_library.vm
2015-10-21 14:26:45,637 - Velocimacro : Default library not found.
2015-10-21 14:26:45,637 - Velocimacro : allowInline = true : VMs can be defined inline in templates
2015-10-21 14:26:45,637 - Velocimacro : allowInlineToOverride = false : VMs defined inline may NOT replace previous VM definitions
2015-10-21 14:26:45,637 - Velocimacro : allowInlineLocal = false : VMs defined inline will be global in scope if allowed.
2015-10-21 14:26:45,637 - Velocimacro : autoload off : VM system will not automatically reload global library macros
2015-10-21 14:27:08,493 - Log4JLogChute initialized using file 'velocity.log'
2015-10-21 14:27:08,494 - Velocity was not initialized! Calling init()...
2015-10-21 14:27:08,494 - Starting Apache Velocity v1.5 (compiled: 2007-02-22 08:52:29)
2015-10-21 14:27:08,494 - Default Properties File: org/apache/velocity/runtime/defaults/velocity.properties
2015-10-21 14:27:08,494 - Trying to use logger class org.apache.velocity.runtime.log.AvalonLogChute
2015-10-21 14:27:08,496 - Couldn't find class org.apache.velocity.runtime.log.AvalonLogChute or necessary supporting classes in classpath.
java.lang.NoClassDefFoundError: org/apache/log/format/Formatter
	at java.lang.Class.forName0(Native Method)
	at java.lang.Class.forName(Class.java:270)
	at org.apache.velocity.util.ClassUtils.getClass(ClassUtils.java:63)
	at org.apache.velocity.util.ClassUtils.getNewInstance(ClassUtils.java:95)
	at org.apache.velocity.runtime.log.LogManager.createLogChute(LogManager.java:147)
	at org.apache.velocity.runtime.log.LogManager.updateLog(LogManager.java:208)
	at org.apache.velocity.runtime.RuntimeInstance.initializeLog(RuntimeInstance.java:728)
	at org.apache.velocity.runtime.RuntimeInstance.init(RuntimeInstance.java:240)
	at org.apache.velocity.runtime.RuntimeInstance.parse(RuntimeInstance.java:993)
	at org.apache.velocity.runtime.RuntimeInstance.parse(RuntimeInstance.java:972)
	at org.apache.velocity.runtime.RuntimeSingleton.parse(RuntimeSingleton.java:265)
	at org.apache.velocity.app.Velocity.evaluate(Velocity.java:274)
	at org.sonatype.mavenbook.weather.WeatherFormatter.format(WeatherFormatter.java:21)
	at org.sonatype.mavenbook.weather.Main.start(Main.java:38)
	at org.sonatype.mavenbook.weather.Main.main(Main.java:21)
Caused by: java.lang.ClassNotFoundException: org.apache.log.format.Formatter
	at java.net.URLClassLoader$1.run(URLClassLoader.java:366)
	at java.net.URLClassLoader$1.run(URLClassLoader.java:355)
	at java.security.AccessController.doPrivileged(Native Method)
	at java.net.URLClassLoader.findClass(URLClassLoader.java:354)
	at java.lang.ClassLoader.loadClass(ClassLoader.java:425)
	at sun.misc.Launcher$AppClassLoader.loadClass(Launcher.java:308)
	at java.lang.ClassLoader.loadClass(ClassLoader.java:358)
	... 15 more
2015-10-21 14:27:08,499 - Trying to use logger class org.apache.velocity.runtime.log.Log4JLogChute
2015-10-21 14:27:08,499 - Using logger class org.apache.velocity.runtime.log.Log4JLogChute
2015-10-21 14:27:08,504 - Default ResourceManager initializing. (class org.apache.velocity.runtime.resource.ResourceManagerImpl)
2015-10-21 14:27:08,513 - ResourceLoader instantiated: org.apache.velocity.runtime.resource.loader.FileResourceLoader
2015-10-21 14:27:08,515 - Do unicode file recognition:  false
2015-10-21 14:27:08,516 - FileResourceLoader : adding path '.'
2015-10-21 14:27:08,538 - ResourceCache: initialized (class org.apache.velocity.runtime.resource.ResourceCacheImpl)
2015-10-21 14:27:08,541 - Loaded System Directive: org.apache.velocity.runtime.directive.Literal
2015-10-21 14:27:08,545 - Loaded System Directive: org.apache.velocity.runtime.directive.Macro
2015-10-21 14:27:08,547 - Loaded System Directive: org.apache.velocity.runtime.directive.Parse
2015-10-21 14:27:08,549 - Loaded System Directive: org.apache.velocity.runtime.directive.Include
2015-10-21 14:27:08,550 - Loaded System Directive: org.apache.velocity.runtime.directive.Foreach
2015-10-21 14:27:08,605 - Created '20' parsers.
2015-10-21 14:27:08,615 - Velocimacro : "velocimacro.library" is not set.  Trying default library: VM_global_library.vm
2015-10-21 14:27:08,615 - Velocimacro : Default library not found.
2015-10-21 14:27:08,615 - Velocimacro : allowInline = true : VMs can be defined inline in templates
2015-10-21 14:27:08,615 - Velocimacro : allowInlineToOverride = false : VMs defined inline may NOT replace previous VM definitions
2015-10-21 14:27:08,615 - Velocimacro : allowInlineLocal = false : VMs defined inline will be global in scope if allowed.
2015-10-21 14:27:08,615 - Velocimacro : autoload off : VM system will not automatically reload global library macros
2015-10-21 14:27:43,022 - Log4JLogChute initialized using file 'velocity.log'
2015-10-21 14:27:43,022 - Velocity was not initialized! Calling init()...
2015-10-21 14:27:43,022 - Starting Apache Velocity v1.5 (compiled: 2007-02-22 08:52:29)
2015-10-21 14:27:43,023 - Default Properties File: org/apache/velocity/runtime/defaults/velocity.properties
2015-10-21 14:27:43,023 - Trying to use logger class org.apache.velocity.runtime.log.AvalonLogChute
2015-10-21 14:27:43,024 - Couldn't find class org.apache.velocity.runtime.log.AvalonLogChute or necessary supporting classes in classpath.
java.lang.NoClassDefFoundError: org/apache/log/format/Formatter
	at java.lang.Class.forName0(Native Method)
	at java.lang.Class.forName(Class.java:270)
	at org.apache.velocity.util.ClassUtils.getClass(ClassUtils.java:63)
	at org.apache.velocity.util.ClassUtils.getNewInstance(ClassUtils.java:95)
	at org.apache.velocity.runtime.log.LogManager.createLogChute(LogManager.java:147)
	at org.apache.velocity.runtime.log.LogManager.updateLog(LogManager.java:208)
	at org.apache.velocity.runtime.RuntimeInstance.initializeLog(RuntimeInstance.java:728)
	at org.apache.velocity.runtime.RuntimeInstance.init(RuntimeInstance.java:240)
	at org.apache.velocity.runtime.RuntimeInstance.parse(RuntimeInstance.java:993)
	at org.apache.velocity.runtime.RuntimeInstance.parse(RuntimeInstance.java:972)
	at org.apache.velocity.runtime.RuntimeSingleton.parse(RuntimeSingleton.java:265)
	at org.apache.velocity.app.Velocity.evaluate(Velocity.java:274)
	at org.sonatype.mavenbook.weather.WeatherFormatter.format(WeatherFormatter.java:21)
	at org.sonatype.mavenbook.weather.WeatherFormatterTest.testFormat(WeatherFormatterTest.java:23)
	at sun.reflect.NativeMethodAccessorImpl.invoke0(Native Method)
	at sun.reflect.NativeMethodAccessorImpl.invoke(NativeMethodAccessorImpl.java:57)
	at sun.reflect.DelegatingMethodAccessorImpl.invoke(DelegatingMethodAccessorImpl.java:43)
	at java.lang.reflect.Method.invoke(Method.java:606)
	at junit.framework.TestCase.runTest(TestCase.java:176)
	at junit.framework.TestCase.runBare(TestCase.java:141)
	at junit.framework.TestResult$1.protect(TestResult.java:122)
	at junit.framework.TestResult.runProtected(TestResult.java:142)
	at junit.framework.TestResult.run(TestResult.java:125)
	at junit.framework.TestCase.run(TestCase.java:129)
	at junit.framework.TestSuite.runTest(TestSuite.java:252)
	at junit.framework.TestSuite.run(TestSuite.java:247)
	at org.junit.internal.runners.JUnit38ClassRunner.run(JUnit38ClassRunner.java:86)
	at org.apache.maven.surefire.junit4.JUnit4TestSet.execute(JUnit4TestSet.java:53)
	at org.apache.maven.surefire.junit4.JUnit4Provider.executeTestSet(JUnit4Provider.java:123)
	at org.apache.maven.surefire.junit4.JUnit4Provider.invoke(JUnit4Provider.java:104)
	at sun.reflect.NativeMethodAccessorImpl.invoke0(Native Method)
	at sun.reflect.NativeMethodAccessorImpl.invoke(NativeMethodAccessorImpl.java:57)
	at sun.reflect.DelegatingMethodAccessorImpl.invoke(DelegatingMethodAccessorImpl.java:43)
	at java.lang.reflect.Method.invoke(Method.java:606)
	at org.apache.maven.surefire.util.ReflectionUtils.invokeMethodWithArray(ReflectionUtils.java:164)
	at org.apache.maven.surefire.booter.ProviderFactory$ProviderProxy.invoke(ProviderFactory.java:110)
	at org.apache.maven.surefire.booter.SurefireStarter.invokeProvider(SurefireStarter.java:175)
	at org.apache.maven.surefire.booter.SurefireStarter.runSuitesInProcessWhenForked(SurefireStarter.java:107)
	at org.apache.maven.surefire.booter.ForkedBooter.main(ForkedBooter.java:68)
Caused by: java.lang.ClassNotFoundException: org.apache.log.format.Formatter
	at java.net.URLClassLoader$1.run(URLClassLoader.java:366)
	at java.net.URLClassLoader$1.run(URLClassLoader.java:355)
	at java.security.AccessController.doPrivileged(Native Method)
	at java.net.URLClassLoader.findClass(URLClassLoader.java:354)
	at java.lang.ClassLoader.loadClass(ClassLoader.java:425)
	at sun.misc.Launcher$AppClassLoader.loadClass(Launcher.java:308)
	at java.lang.ClassLoader.loadClass(ClassLoader.java:358)
	... 39 more
2015-10-21 14:27:43,026 - Trying to use logger class org.apache.velocity.runtime.log.Log4JLogChute
2015-10-21 14:27:43,026 - Using logger class org.apache.velocity.runtime.log.Log4JLogChute
2015-10-21 14:27:43,029 - Default ResourceManager initializing. (class org.apache.velocity.runtime.resource.ResourceManagerImpl)
2015-10-21 14:27:43,034 - ResourceLoader instantiated: org.apache.velocity.runtime.resource.loader.FileResourceLoader
2015-10-21 14:27:43,036 - Do unicode file recognition:  false
2015-10-21 14:27:43,036 - FileResourceLoader : adding path '.'
2015-10-21 14:27:43,049 - ResourceCache: initialized (class org.apache.velocity.runtime.resource.ResourceCacheImpl)
2015-10-21 14:27:43,051 - Loaded System Directive: org.apache.velocity.runtime.directive.Literal
2015-10-21 14:27:43,053 - Loaded System Directive: org.apache.velocity.runtime.directive.Macro
2015-10-21 14:27:43,055 - Loaded System Directive: org.apache.velocity.runtime.directive.Parse
2015-10-21 14:27:43,057 - Loaded System Directive: org.apache.velocity.runtime.directive.Include
2015-10-21 14:27:43,060 - Loaded System Directive: org.apache.velocity.runtime.directive.Foreach
2015-10-21 14:27:43,100 - Created '20' parsers.
2015-10-21 14:27:43,108 - Velocimacro : "velocimacro.library" is not set.  Trying default library: VM_global_library.vm
2015-10-21 14:27:43,109 - Velocimacro : Default library not found.
2015-10-21 14:27:43,109 - Velocimacro : allowInline = true : VMs can be defined inline in templates
2015-10-21 14:27:43,109 - Velocimacro : allowInlineToOverride = false : VMs defined inline may NOT replace previous VM definitions
2015-10-21 14:27:43,109 - Velocimacro : allowInlineLocal = false : VMs defined inline will be global in scope if allowed.
2015-10-21 14:27:43,109 - Velocimacro : autoload off : VM system will not automatically reload global library macros
2015-10-21 14:27:49,662 - Log4JLogChute initialized using file 'velocity.log'
2015-10-21 14:27:49,664 - Velocity was not initialized! Calling init()...
2015-10-21 14:27:49,664 - Starting Apache Velocity v1.5 (compiled: 2007-02-22 08:52:29)
2015-10-21 14:27:49,664 - Default Properties File: org/apache/velocity/runtime/defaults/velocity.properties
2015-10-21 14:27:49,664 - Trying to use logger class org.apache.velocity.runtime.log.AvalonLogChute
2015-10-21 14:27:49,667 - Couldn't find class org.apache.velocity.runtime.log.AvalonLogChute or necessary supporting classes in classpath.
java.lang.NoClassDefFoundError: org/apache/log/format/Formatter
	at java.lang.Class.forName0(Native Method)
	at java.lang.Class.forName(Class.java:270)
	at org.apache.velocity.util.ClassUtils.getClass(ClassUtils.java:63)
	at org.apache.velocity.util.ClassUtils.getNewInstance(ClassUtils.java:95)
	at org.apache.velocity.runtime.log.LogManager.createLogChute(LogManager.java:147)
	at org.apache.velocity.runtime.log.LogManager.updateLog(LogManager.java:208)
	at org.apache.velocity.runtime.RuntimeInstance.initializeLog(RuntimeInstance.java:728)
	at org.apache.velocity.runtime.RuntimeInstance.init(RuntimeInstance.java:240)
	at org.apache.velocity.runtime.RuntimeInstance.parse(RuntimeInstance.java:993)
	at org.apache.velocity.runtime.RuntimeInstance.parse(RuntimeInstance.java:972)
	at org.apache.velocity.runtime.RuntimeSingleton.parse(RuntimeSingleton.java:265)
	at org.apache.velocity.app.Velocity.evaluate(Velocity.java:274)
	at org.sonatype.mavenbook.weather.WeatherFormatter.format(WeatherFormatter.java:21)
	at org.sonatype.mavenbook.weather.Main.start(Main.java:38)
	at org.sonatype.mavenbook.weather.Main.main(Main.java:21)
Caused by: java.lang.ClassNotFoundException: org.apache.log.format.Formatter
	at java.net.URLClassLoader$1.run(URLClassLoader.java:366)
	at java.net.URLClassLoader$1.run(URLClassLoader.java:355)
	at java.security.AccessController.doPrivileged(Native Method)
	at java.net.URLClassLoader.findClass(URLClassLoader.java:354)
	at java.lang.ClassLoader.loadClass(ClassLoader.java:425)
	at sun.misc.Launcher$AppClassLoader.loadClass(Launcher.java:308)
	at java.lang.ClassLoader.loadClass(ClassLoader.java:358)
	... 15 more
2015-10-21 14:27:49,672 - Trying to use logger class org.apache.velocity.runtime.log.Log4JLogChute
2015-10-21 14:27:49,672 - Using logger class org.apache.velocity.runtime.log.Log4JLogChute
2015-10-21 14:27:49,675 - Default ResourceManager initializing. (class org.apache.velocity.runtime.resource.ResourceManagerImpl)
2015-10-21 14:27:49,682 - ResourceLoader instantiated: org.apache.velocity.runtime.resource.loader.FileResourceLoader
2015-10-21 14:27:49,684 - Do unicode file recognition:  false
2015-10-21 14:27:49,684 - FileResourceLoader : adding path '.'
2015-10-21 14:27:49,714 - ResourceCache: initialized (class org.apache.velocity.runtime.resource.ResourceCacheImpl)
2015-10-21 14:27:49,716 - Loaded System Directive: org.apache.velocity.runtime.directive.Literal
2015-10-21 14:27:49,722 - Loaded System Directive: org.apache.velocity.runtime.directive.Macro
2015-10-21 14:27:49,725 - Loaded System Directive: org.apache.velocity.runtime.directive.Parse
2015-10-21 14:27:49,727 - Loaded System Directive: org.apache.velocity.runtime.directive.Include
2015-10-21 14:27:49,728 - Loaded System Directive: org.apache.velocity.runtime.directive.Foreach
2015-10-21 14:27:49,778 - Created '20' parsers.
2015-10-21 14:27:49,788 - Velocimacro : "velocimacro.library" is not set.  Trying default library: VM_global_library.vm
2015-10-21 14:27:49,788 - Velocimacro : Default library not found.
2015-10-21 14:27:49,789 - Velocimacro : allowInline = true : VMs can be defined inline in templates
2015-10-21 14:27:49,789 - Velocimacro : allowInlineToOverride = false : VMs defined inline may NOT replace previous VM definitions
2015-10-21 14:27:49,789 - Velocimacro : allowInlineLocal = false : VMs defined inline will be global in scope if allowed.
2015-10-21 14:27:49,789 - Velocimacro : autoload off : VM system will not automatically reload global library macros
2015-10-21 14:29:40,198 - Log4JLogChute initialized using file 'velocity.log'
2015-10-21 14:29:40,199 - Velocity was not initialized! Calling init()...
2015-10-21 14:29:40,199 - Starting Apache Velocity v1.5 (compiled: 2007-02-22 08:52:29)
2015-10-21 14:29:40,199 - Default Properties File: org/apache/velocity/runtime/defaults/velocity.properties
2015-10-21 14:29:40,199 - Trying to use logger class org.apache.velocity.runtime.log.AvalonLogChute
2015-10-21 14:29:40,201 - Couldn't find class org.apache.velocity.runtime.log.AvalonLogChute or necessary supporting classes in classpath.
java.lang.NoClassDefFoundError: org/apache/log/format/Formatter
	at java.lang.Class.forName0(Native Method)
	at java.lang.Class.forName(Class.java:270)
	at org.apache.velocity.util.ClassUtils.getClass(ClassUtils.java:63)
	at org.apache.velocity.util.ClassUtils.getNewInstance(ClassUtils.java:95)
	at org.apache.velocity.runtime.log.LogManager.createLogChute(LogManager.java:147)
	at org.apache.velocity.runtime.log.LogManager.updateLog(LogManager.java:208)
	at org.apache.velocity.runtime.RuntimeInstance.initializeLog(RuntimeInstance.java:728)
	at org.apache.velocity.runtime.RuntimeInstance.init(RuntimeInstance.java:240)
	at org.apache.velocity.runtime.RuntimeInstance.parse(RuntimeInstance.java:993)
	at org.apache.velocity.runtime.RuntimeInstance.parse(RuntimeInstance.java:972)
	at org.apache.velocity.runtime.RuntimeSingleton.parse(RuntimeSingleton.java:265)
	at org.apache.velocity.app.Velocity.evaluate(Velocity.java:274)
	at org.sonatype.mavenbook.weather.WeatherFormatter.format(WeatherFormatter.java:21)
	at org.sonatype.mavenbook.weather.WeatherFormatterTest.testFormat(WeatherFormatterTest.java:23)
	at sun.reflect.NativeMethodAccessorImpl.invoke0(Native Method)
	at sun.reflect.NativeMethodAccessorImpl.invoke(NativeMethodAccessorImpl.java:57)
	at sun.reflect.DelegatingMethodAccessorImpl.invoke(DelegatingMethodAccessorImpl.java:43)
	at java.lang.reflect.Method.invoke(Method.java:606)
	at junit.framework.TestCase.runTest(TestCase.java:176)
	at junit.framework.TestCase.runBare(TestCase.java:141)
	at junit.framework.TestResult$1.protect(TestResult.java:122)
	at junit.framework.TestResult.runProtected(TestResult.java:142)
	at junit.framework.TestResult.run(TestResult.java:125)
	at junit.framework.TestCase.run(TestCase.java:129)
	at junit.framework.TestSuite.runTest(TestSuite.java:252)
	at junit.framework.TestSuite.run(TestSuite.java:247)
	at org.junit.internal.runners.JUnit38ClassRunner.run(JUnit38ClassRunner.java:86)
	at org.apache.maven.surefire.junit4.JUnit4TestSet.execute(JUnit4TestSet.java:53)
	at org.apache.maven.surefire.junit4.JUnit4Provider.executeTestSet(JUnit4Provider.java:123)
	at org.apache.maven.surefire.junit4.JUnit4Provider.invoke(JUnit4Provider.java:104)
	at sun.reflect.NativeMethodAccessorImpl.invoke0(Native Method)
	at sun.reflect.NativeMethodAccessorImpl.invoke(NativeMethodAccessorImpl.java:57)
	at sun.reflect.DelegatingMethodAccessorImpl.invoke(DelegatingMethodAccessorImpl.java:43)
	at java.lang.reflect.Method.invoke(Method.java:606)
	at org.apache.maven.surefire.util.ReflectionUtils.invokeMethodWithArray(ReflectionUtils.java:164)
	at org.apache.maven.surefire.booter.ProviderFactory$ProviderProxy.invoke(ProviderFactory.java:110)
	at org.apache.maven.surefire.booter.SurefireStarter.invokeProvider(SurefireStarter.java:175)
	at org.apache.maven.surefire.booter.SurefireStarter.runSuitesInProcessWhenForked(SurefireStarter.java:107)
	at org.apache.maven.surefire.booter.ForkedBooter.main(ForkedBooter.java:68)
Caused by: java.lang.ClassNotFoundException: org.apache.log.format.Formatter
	at java.net.URLClassLoader$1.run(URLClassLoader.java:366)
	at java.net.URLClassLoader$1.run(URLClassLoader.java:355)
	at java.security.AccessController.doPrivileged(Native Method)
	at java.net.URLClassLoader.findClass(URLClassLoader.java:354)
	at java.lang.ClassLoader.loadClass(ClassLoader.java:425)
	at sun.misc.Launcher$AppClassLoader.loadClass(Launcher.java:308)
	at java.lang.ClassLoader.loadClass(ClassLoader.java:358)
	... 39 more
2015-10-21 14:29:40,206 - Trying to use logger class org.apache.velocity.runtime.log.Log4JLogChute
2015-10-21 14:29:40,206 - Using logger class org.apache.velocity.runtime.log.Log4JLogChute
2015-10-21 14:29:40,209 - Default ResourceManager initializing. (class org.apache.velocity.runtime.resource.ResourceManagerImpl)
2015-10-21 14:29:40,214 - ResourceLoader instantiated: org.apache.velocity.runtime.resource.loader.FileResourceLoader
2015-10-21 14:29:40,216 - Do unicode file recognition:  false
2015-10-21 14:29:40,216 - FileResourceLoader : adding path '.'
2015-10-21 14:29:40,233 - ResourceCache: initialized (class org.apache.velocity.runtime.resource.ResourceCacheImpl)
2015-10-21 14:29:40,235 - Loaded System Directive: org.apache.velocity.runtime.directive.Literal
2015-10-21 14:29:40,238 - Loaded System Directive: org.apache.velocity.runtime.directive.Macro
2015-10-21 14:29:40,240 - Loaded System Directive: org.apache.velocity.runtime.directive.Parse
2015-10-21 14:29:40,243 - Loaded System Directive: org.apache.velocity.runtime.directive.Include
2015-10-21 14:29:40,244 - Loaded System Directive: org.apache.velocity.runtime.directive.Foreach
2015-10-21 14:29:40,286 - Created '20' parsers.
2015-10-21 14:29:40,300 - Velocimacro : "velocimacro.library" is not set.  Trying default library: VM_global_library.vm
2015-10-21 14:29:40,300 - Velocimacro : Default library not found.
2015-10-21 14:29:40,300 - Velocimacro : allowInline = true : VMs can be defined inline in templates
2015-10-21 14:29:40,300 - Velocimacro : allowInlineToOverride = false : VMs defined inline may NOT replace previous VM definitions
2015-10-21 14:29:40,300 - Velocimacro : allowInlineLocal = false : VMs defined inline will be global in scope if allowed.
2015-10-21 14:29:40,300 - Velocimacro : autoload off : VM system will not automatically reload global library macros
2015-10-21 14:29:42,529 - Log4JLogChute initialized using file 'velocity.log'
2015-10-21 14:29:42,530 - Velocity was not initialized! Calling init()...
2015-10-21 14:29:42,530 - Starting Apache Velocity v1.5 (compiled: 2007-02-22 08:52:29)
2015-10-21 14:29:42,531 - Default Properties File: org/apache/velocity/runtime/defaults/velocity.properties
2015-10-21 14:29:42,531 - Trying to use logger class org.apache.velocity.runtime.log.AvalonLogChute
2015-10-21 14:29:42,533 - Couldn't find class org.apache.velocity.runtime.log.AvalonLogChute or necessary supporting classes in classpath.
java.lang.NoClassDefFoundError: org/apache/log/format/Formatter
	at java.lang.Class.forName0(Native Method)
	at java.lang.Class.forName(Class.java:270)
	at org.apache.velocity.util.ClassUtils.getClass(ClassUtils.java:63)
	at org.apache.velocity.util.ClassUtils.getNewInstance(ClassUtils.java:95)
	at org.apache.velocity.runtime.log.LogManager.createLogChute(LogManager.java:147)
	at org.apache.velocity.runtime.log.LogManager.updateLog(LogManager.java:208)
	at org.apache.velocity.runtime.RuntimeInstance.initializeLog(RuntimeInstance.java:728)
	at org.apache.velocity.runtime.RuntimeInstance.init(RuntimeInstance.java:240)
	at org.apache.velocity.runtime.RuntimeInstance.parse(RuntimeInstance.java:993)
	at org.apache.velocity.runtime.RuntimeInstance.parse(RuntimeInstance.java:972)
	at org.apache.velocity.runtime.RuntimeSingleton.parse(RuntimeSingleton.java:265)
	at org.apache.velocity.app.Velocity.evaluate(Velocity.java:274)
	at org.sonatype.mavenbook.weather.WeatherFormatter.format(WeatherFormatter.java:21)
	at org.sonatype.mavenbook.weather.Main.start(Main.java:38)
	at org.sonatype.mavenbook.weather.Main.main(Main.java:21)
Caused by: java.lang.ClassNotFoundException: org.apache.log.format.Formatter
	at java.net.URLClassLoader$1.run(URLClassLoader.java:366)
	at java.net.URLClassLoader$1.run(URLClassLoader.java:355)
	at java.security.AccessController.doPrivileged(Native Method)
	at java.net.URLClassLoader.findClass(URLClassLoader.java:354)
	at java.lang.ClassLoader.loadClass(ClassLoader.java:425)
	at sun.misc.Launcher$AppClassLoader.loadClass(Launcher.java:308)
	at java.lang.ClassLoader.loadClass(ClassLoader.java:358)
	... 15 more
2015-10-21 14:29:42,536 - Trying to use logger class org.apache.velocity.runtime.log.Log4JLogChute
2015-10-21 14:29:42,536 - Using logger class org.apache.velocity.runtime.log.Log4JLogChute
2015-10-21 14:29:42,539 - Default ResourceManager initializing. (class org.apache.velocity.runtime.resource.ResourceManagerImpl)
2015-10-21 14:29:42,545 - ResourceLoader instantiated: org.apache.velocity.runtime.resource.loader.FileResourceLoader
2015-10-21 14:29:42,548 - Do unicode file recognition:  false
2015-10-21 14:29:42,549 - FileResourceLoader : adding path '.'
2015-10-21 14:29:42,570 - ResourceCache: initialized (class org.apache.velocity.runtime.resource.ResourceCacheImpl)
2015-10-21 14:29:42,573 - Loaded System Directive: org.apache.velocity.runtime.directive.Literal
2015-10-21 14:29:42,578 - Loaded System Directive: org.apache.velocity.runtime.directive.Macro
2015-10-21 14:29:42,582 - Loaded System Directive: org.apache.velocity.runtime.directive.Parse
2015-10-21 14:29:42,585 - Loaded System Directive: org.apache.velocity.runtime.directive.Include
2015-10-21 14:29:42,586 - Loaded System Directive: org.apache.velocity.runtime.directive.Foreach
2015-10-21 14:29:42,637 - Created '20' parsers.
2015-10-21 14:29:42,650 - Velocimacro : "velocimacro.library" is not set.  Trying default library: VM_global_library.vm
2015-10-21 14:29:42,650 - Velocimacro : Default library not found.
2015-10-21 14:29:42,650 - Velocimacro : allowInline = true : VMs can be defined inline in templates
2015-10-21 14:29:42,650 - Velocimacro : allowInlineToOverride = false : VMs defined inline may NOT replace previous VM definitions
2015-10-21 14:29:42,650 - Velocimacro : allowInlineLocal = false : VMs defined inline will be global in scope if allowed.
2015-10-21 14:29:42,650 - Velocimacro : autoload off : VM system will not automatically reload global library macros
2015-10-21 14:32:51,888 - Log4JLogChute initialized using file 'velocity.log'
2015-10-21 14:32:51,896 - Velocity was not initialized! Calling init()...
2015-10-21 14:32:51,896 - Starting Apache Velocity v1.5 (compiled: 2007-02-22 08:52:29)
2015-10-21 14:32:51,896 - Default Properties File: org/apache/velocity/runtime/defaults/velocity.properties
2015-10-21 14:32:51,896 - Trying to use logger class org.apache.velocity.runtime.log.AvalonLogChute
2015-10-21 14:32:51,898 - Couldn't find class org.apache.velocity.runtime.log.AvalonLogChute or necessary supporting classes in classpath.
java.lang.NoClassDefFoundError: org/apache/log/format/Formatter
	at java.lang.Class.forName0(Native Method)
	at java.lang.Class.forName(Class.java:270)
	at org.apache.velocity.util.ClassUtils.getClass(ClassUtils.java:63)
	at org.apache.velocity.util.ClassUtils.getNewInstance(ClassUtils.java:95)
	at org.apache.velocity.runtime.log.LogManager.createLogChute(LogManager.java:147)
	at org.apache.velocity.runtime.log.LogManager.updateLog(LogManager.java:208)
	at org.apache.velocity.runtime.RuntimeInstance.initializeLog(RuntimeInstance.java:728)
	at org.apache.velocity.runtime.RuntimeInstance.init(RuntimeInstance.java:240)
	at org.apache.velocity.runtime.RuntimeInstance.parse(RuntimeInstance.java:993)
	at org.apache.velocity.runtime.RuntimeInstance.parse(RuntimeInstance.java:972)
	at org.apache.velocity.runtime.RuntimeSingleton.parse(RuntimeSingleton.java:265)
	at org.apache.velocity.app.Velocity.evaluate(Velocity.java:274)
	at org.sonatype.mavenbook.weather.WeatherFormatter.format(WeatherFormatter.java:21)
	at org.sonatype.mavenbook.weather.WeatherFormatterTest.testFormat(WeatherFormatterTest.java:23)
	at sun.reflect.NativeMethodAccessorImpl.invoke0(Native Method)
	at sun.reflect.NativeMethodAccessorImpl.invoke(NativeMethodAccessorImpl.java:57)
	at sun.reflect.DelegatingMethodAccessorImpl.invoke(DelegatingMethodAccessorImpl.java:43)
	at java.lang.reflect.Method.invoke(Method.java:606)
	at junit.framework.TestCase.runTest(TestCase.java:176)
	at junit.framework.TestCase.runBare(TestCase.java:141)
	at junit.framework.TestResult$1.protect(TestResult.java:122)
	at junit.framework.TestResult.runProtected(TestResult.java:142)
	at junit.framework.TestResult.run(TestResult.java:125)
	at junit.framework.TestCase.run(TestCase.java:129)
	at junit.framework.TestSuite.runTest(TestSuite.java:252)
	at junit.framework.TestSuite.run(TestSuite.java:247)
	at org.junit.internal.runners.JUnit38ClassRunner.run(JUnit38ClassRunner.java:86)
	at org.apache.maven.surefire.junit4.JUnit4TestSet.execute(JUnit4TestSet.java:53)
	at org.apache.maven.surefire.junit4.JUnit4Provider.executeTestSet(JUnit4Provider.java:123)
	at org.apache.maven.surefire.junit4.JUnit4Provider.invoke(JUnit4Provider.java:104)
	at sun.reflect.NativeMethodAccessorImpl.invoke0(Native Method)
	at sun.reflect.NativeMethodAccessorImpl.invoke(NativeMethodAccessorImpl.java:57)
	at sun.reflect.DelegatingMethodAccessorImpl.invoke(DelegatingMethodAccessorImpl.java:43)
	at java.lang.reflect.Method.invoke(Method.java:606)
	at org.apache.maven.surefire.util.ReflectionUtils.invokeMethodWithArray(ReflectionUtils.java:164)
	at org.apache.maven.surefire.booter.ProviderFactory$ProviderProxy.invoke(ProviderFactory.java:110)
	at org.apache.maven.surefire.booter.SurefireStarter.invokeProvider(SurefireStarter.java:175)
	at org.apache.maven.surefire.booter.SurefireStarter.runSuitesInProcessWhenForked(SurefireStarter.java:107)
	at org.apache.maven.surefire.booter.ForkedBooter.main(ForkedBooter.java:68)
Caused by: java.lang.ClassNotFoundException: org.apache.log.format.Formatter
	at java.net.URLClassLoader$1.run(URLClassLoader.java:366)
	at java.net.URLClassLoader$1.run(URLClassLoader.java:355)
	at java.security.AccessController.doPrivileged(Native Method)
	at java.net.URLClassLoader.findClass(URLClassLoader.java:354)
	at java.lang.ClassLoader.loadClass(ClassLoader.java:425)
	at sun.misc.Launcher$AppClassLoader.loadClass(Launcher.java:308)
	at java.lang.ClassLoader.loadClass(ClassLoader.java:358)
	... 39 more
2015-10-21 14:32:51,902 - Trying to use logger class org.apache.velocity.runtime.log.Log4JLogChute
2015-10-21 14:32:51,902 - Using logger class org.apache.velocity.runtime.log.Log4JLogChute
2015-10-21 14:32:51,905 - Default ResourceManager initializing. (class org.apache.velocity.runtime.resource.ResourceManagerImpl)
2015-10-21 14:32:51,910 - ResourceLoader instantiated: org.apache.velocity.runtime.resource.loader.FileResourceLoader
2015-10-21 14:32:51,911 - Do unicode file recognition:  false
2015-10-21 14:32:51,911 - FileResourceLoader : adding path '.'
2015-10-21 14:32:51,928 - ResourceCache: initialized (class org.apache.velocity.runtime.resource.ResourceCacheImpl)
2015-10-21 14:32:51,930 - Loaded System Directive: org.apache.velocity.runtime.directive.Literal
2015-10-21 14:32:51,932 - Loaded System Directive: org.apache.velocity.runtime.directive.Macro
2015-10-21 14:32:51,935 - Loaded System Directive: org.apache.velocity.runtime.directive.Parse
2015-10-21 14:32:51,937 - Loaded System Directive: org.apache.velocity.runtime.directive.Include
2015-10-21 14:32:51,939 - Loaded System Directive: org.apache.velocity.runtime.directive.Foreach
2015-10-21 14:32:51,977 - Created '20' parsers.
2015-10-21 14:32:51,987 - Velocimacro : "velocimacro.library" is not set.  Trying default library: VM_global_library.vm
2015-10-21 14:32:51,988 - Velocimacro : Default library not found.
2015-10-21 14:32:51,988 - Velocimacro : allowInline = true : VMs can be defined inline in templates
2015-10-21 14:32:51,988 - Velocimacro : allowInlineToOverride = false : VMs defined inline may NOT replace previous VM definitions
2015-10-21 14:32:51,988 - Velocimacro : allowInlineLocal = false : VMs defined inline will be global in scope if allowed.
2015-10-21 14:32:51,988 - Velocimacro : autoload off : VM system will not automatically reload global library macros
2015-10-21 14:33:08,550 - Log4JLogChute initialized using file 'velocity.log'
2015-10-21 14:33:08,550 - Velocity was not initialized! Calling init()...
2015-10-21 14:33:08,550 - Starting Apache Velocity v1.5 (compiled: 2007-02-22 08:52:29)
2015-10-21 14:33:08,550 - Default Properties File: org/apache/velocity/runtime/defaults/velocity.properties
2015-10-21 14:33:08,550 - Trying to use logger class org.apache.velocity.runtime.log.AvalonLogChute
2015-10-21 14:33:08,552 - Couldn't find class org.apache.velocity.runtime.log.AvalonLogChute or necessary supporting classes in classpath.
java.lang.NoClassDefFoundError: org/apache/log/format/Formatter
	at java.lang.Class.forName0(Native Method)
	at java.lang.Class.forName(Class.java:270)
	at org.apache.velocity.util.ClassUtils.getClass(ClassUtils.java:63)
	at org.apache.velocity.util.ClassUtils.getNewInstance(ClassUtils.java:95)
	at org.apache.velocity.runtime.log.LogManager.createLogChute(LogManager.java:147)
	at org.apache.velocity.runtime.log.LogManager.updateLog(LogManager.java:208)
	at org.apache.velocity.runtime.RuntimeInstance.initializeLog(RuntimeInstance.java:728)
	at org.apache.velocity.runtime.RuntimeInstance.init(RuntimeInstance.java:240)
	at org.apache.velocity.runtime.RuntimeInstance.parse(RuntimeInstance.java:993)
	at org.apache.velocity.runtime.RuntimeInstance.parse(RuntimeInstance.java:972)
	at org.apache.velocity.runtime.RuntimeSingleton.parse(RuntimeSingleton.java:265)
	at org.apache.velocity.app.Velocity.evaluate(Velocity.java:274)
	at org.sonatype.mavenbook.weather.WeatherFormatter.format(WeatherFormatter.java:21)
	at org.sonatype.mavenbook.weather.WeatherFormatterTest.testFormat(WeatherFormatterTest.java:23)
	at sun.reflect.NativeMethodAccessorImpl.invoke0(Native Method)
	at sun.reflect.NativeMethodAccessorImpl.invoke(NativeMethodAccessorImpl.java:57)
	at sun.reflect.DelegatingMethodAccessorImpl.invoke(DelegatingMethodAccessorImpl.java:43)
	at java.lang.reflect.Method.invoke(Method.java:606)
	at junit.framework.TestCase.runTest(TestCase.java:176)
	at junit.framework.TestCase.runBare(TestCase.java:141)
	at junit.framework.TestResult$1.protect(TestResult.java:122)
	at junit.framework.TestResult.runProtected(TestResult.java:142)
	at junit.framework.TestResult.run(TestResult.java:125)
	at junit.framework.TestCase.run(TestCase.java:129)
	at junit.framework.TestSuite.runTest(TestSuite.java:252)
	at junit.framework.TestSuite.run(TestSuite.java:247)
	at org.junit.internal.runners.JUnit38ClassRunner.run(JUnit38ClassRunner.java:86)
	at org.apache.maven.surefire.junit4.JUnit4TestSet.execute(JUnit4TestSet.java:53)
	at org.apache.maven.surefire.junit4.JUnit4Provider.executeTestSet(JUnit4Provider.java:123)
	at org.apache.maven.surefire.junit4.JUnit4Provider.invoke(JUnit4Provider.java:104)
	at sun.reflect.NativeMethodAccessorImpl.invoke0(Native Method)
	at sun.reflect.NativeMethodAccessorImpl.invoke(NativeMethodAccessorImpl.java:57)
	at sun.reflect.DelegatingMethodAccessorImpl.invoke(DelegatingMethodAccessorImpl.java:43)
	at java.lang.reflect.Method.invoke(Method.java:606)
	at org.apache.maven.surefire.util.ReflectionUtils.invokeMethodWithArray(ReflectionUtils.java:164)
	at org.apache.maven.surefire.booter.ProviderFactory$ProviderProxy.invoke(ProviderFactory.java:110)
	at org.apache.maven.surefire.booter.SurefireStarter.invokeProvider(SurefireStarter.java:175)
	at org.apache.maven.surefire.booter.SurefireStarter.runSuitesInProcessWhenForked(SurefireStarter.java:107)
	at org.apache.maven.surefire.booter.ForkedBooter.main(ForkedBooter.java:68)
Caused by: java.lang.ClassNotFoundException: org.apache.log.format.Formatter
	at java.net.URLClassLoader$1.run(URLClassLoader.java:366)
	at java.net.URLClassLoader$1.run(URLClassLoader.java:355)
	at java.security.AccessController.doPrivileged(Native Method)
	at java.net.URLClassLoader.findClass(URLClassLoader.java:354)
	at java.lang.ClassLoader.loadClass(ClassLoader.java:425)
	at sun.misc.Launcher$AppClassLoader.loadClass(Launcher.java:308)
	at java.lang.ClassLoader.loadClass(ClassLoader.java:358)
	... 39 more
2015-10-21 14:33:08,554 - Trying to use logger class org.apache.velocity.runtime.log.Log4JLogChute
2015-10-21 14:33:08,554 - Using logger class org.apache.velocity.runtime.log.Log4JLogChute
2015-10-21 14:33:08,557 - Default ResourceManager initializing. (class org.apache.velocity.runtime.resource.ResourceManagerImpl)
2015-10-21 14:33:08,559 - ResourceLoader instantiated: org.apache.velocity.runtime.resource.loader.FileResourceLoader
2015-10-21 14:33:08,561 - Do unicode file recognition:  false
2015-10-21 14:33:08,561 - FileResourceLoader : adding path '.'
2015-10-21 14:33:08,575 - ResourceCache: initialized (class org.apache.velocity.runtime.resource.ResourceCacheImpl)
2015-10-21 14:33:08,577 - Loaded System Directive: org.apache.velocity.runtime.directive.Literal
2015-10-21 14:33:08,578 - Loaded System Directive: org.apache.velocity.runtime.directive.Macro
2015-10-21 14:33:08,579 - Loaded System Directive: org.apache.velocity.runtime.directive.Parse
2015-10-21 14:33:08,581 - Loaded System Directive: org.apache.velocity.runtime.directive.Include
2015-10-21 14:33:08,582 - Loaded System Directive: org.apache.velocity.runtime.directive.Foreach
2015-10-21 14:33:08,618 - Created '20' parsers.
2015-10-21 14:33:08,627 - Velocimacro : "velocimacro.library" is not set.  Trying default library: VM_global_library.vm
2015-10-21 14:33:08,627 - Velocimacro : Default library not found.
2015-10-21 14:33:08,627 - Velocimacro : allowInline = true : VMs can be defined inline in templates
2015-10-21 14:33:08,627 - Velocimacro : allowInlineToOverride = false : VMs defined inline may NOT replace previous VM definitions
2015-10-21 14:33:08,628 - Velocimacro : allowInlineLocal = false : VMs defined inline will be global in scope if allowed.
2015-10-21 14:33:08,628 - Velocimacro : autoload off : VM system will not automatically reload global library macros
2015-10-21 14:33:30,587 - Log4JLogChute initialized using file 'velocity.log'
2015-10-21 14:33:30,588 - Velocity was not initialized! Calling init()...
2015-10-21 14:33:30,588 - Starting Apache Velocity v1.5 (compiled: 2007-02-22 08:52:29)
2015-10-21 14:33:30,588 - Default Properties File: org/apache/velocity/runtime/defaults/velocity.properties
2015-10-21 14:33:30,588 - Trying to use logger class org.apache.velocity.runtime.log.AvalonLogChute
2015-10-21 14:33:30,590 - Couldn't find class org.apache.velocity.runtime.log.AvalonLogChute or necessary supporting classes in classpath.
java.lang.NoClassDefFoundError: org/apache/log/format/Formatter
	at java.lang.Class.forName0(Native Method)
	at java.lang.Class.forName(Class.java:270)
	at org.apache.velocity.util.ClassUtils.getClass(ClassUtils.java:63)
	at org.apache.velocity.util.ClassUtils.getNewInstance(ClassUtils.java:95)
	at org.apache.velocity.runtime.log.LogManager.createLogChute(LogManager.java:147)
	at org.apache.velocity.runtime.log.LogManager.updateLog(LogManager.java:208)
	at org.apache.velocity.runtime.RuntimeInstance.initializeLog(RuntimeInstance.java:728)
	at org.apache.velocity.runtime.RuntimeInstance.init(RuntimeInstance.java:240)
	at org.apache.velocity.runtime.RuntimeInstance.parse(RuntimeInstance.java:993)
	at org.apache.velocity.runtime.RuntimeInstance.parse(RuntimeInstance.java:972)
	at org.apache.velocity.runtime.RuntimeSingleton.parse(RuntimeSingleton.java:265)
	at org.apache.velocity.app.Velocity.evaluate(Velocity.java:274)
	at org.sonatype.mavenbook.weather.WeatherFormatter.format(WeatherFormatter.java:21)
	at org.sonatype.mavenbook.weather.WeatherFormatterTest.testFormat(WeatherFormatterTest.java:23)
	at sun.reflect.NativeMethodAccessorImpl.invoke0(Native Method)
	at sun.reflect.NativeMethodAccessorImpl.invoke(NativeMethodAccessorImpl.java:57)
	at sun.reflect.DelegatingMethodAccessorImpl.invoke(DelegatingMethodAccessorImpl.java:43)
	at java.lang.reflect.Method.invoke(Method.java:606)
	at junit.framework.TestCase.runTest(TestCase.java:176)
	at junit.framework.TestCase.runBare(TestCase.java:141)
	at junit.framework.TestResult$1.protect(TestResult.java:122)
	at junit.framework.TestResult.runProtected(TestResult.java:142)
	at junit.framework.TestResult.run(TestResult.java:125)
	at junit.framework.TestCase.run(TestCase.java:129)
	at junit.framework.TestSuite.runTest(TestSuite.java:252)
	at junit.framework.TestSuite.run(TestSuite.java:247)
	at org.junit.internal.runners.JUnit38ClassRunner.run(JUnit38ClassRunner.java:86)
	at org.apache.maven.surefire.junit4.JUnit4TestSet.execute(JUnit4TestSet.java:53)
	at org.apache.maven.surefire.junit4.JUnit4Provider.executeTestSet(JUnit4Provider.java:123)
	at org.apache.maven.surefire.junit4.JUnit4Provider.invoke(JUnit4Provider.java:104)
	at sun.reflect.NativeMethodAccessorImpl.invoke0(Native Method)
	at sun.reflect.NativeMethodAccessorImpl.invoke(NativeMethodAccessorImpl.java:57)
	at sun.reflect.DelegatingMethodAccessorImpl.invoke(DelegatingMethodAccessorImpl.java:43)
	at java.lang.reflect.Method.invoke(Method.java:606)
	at org.apache.maven.surefire.util.ReflectionUtils.invokeMethodWithArray(ReflectionUtils.java:164)
	at org.apache.maven.surefire.booter.ProviderFactory$ProviderProxy.invoke(ProviderFactory.java:110)
	at org.apache.maven.surefire.booter.SurefireStarter.invokeProvider(SurefireStarter.java:175)
	at org.apache.maven.surefire.booter.SurefireStarter.runSuitesInProcessWhenForked(SurefireStarter.java:107)
	at org.apache.maven.surefire.booter.ForkedBooter.main(ForkedBooter.java:68)
Caused by: java.lang.ClassNotFoundException: org.apache.log.format.Formatter
	at java.net.URLClassLoader$1.run(URLClassLoader.java:366)
	at java.net.URLClassLoader$1.run(URLClassLoader.java:355)
	at java.security.AccessController.doPrivileged(Native Method)
	at java.net.URLClassLoader.findClass(URLClassLoader.java:354)
	at java.lang.ClassLoader.loadClass(ClassLoader.java:425)
	at sun.misc.Launcher$AppClassLoader.loadClass(Launcher.java:308)
	at java.lang.ClassLoader.loadClass(ClassLoader.java:358)
	... 39 more
2015-10-21 14:33:30,592 - Trying to use logger class org.apache.velocity.runtime.log.Log4JLogChute
2015-10-21 14:33:30,592 - Using logger class org.apache.velocity.runtime.log.Log4JLogChute
2015-10-21 14:33:30,595 - Default ResourceManager initializing. (class org.apache.velocity.runtime.resource.ResourceManagerImpl)
2015-10-21 14:33:30,601 - ResourceLoader instantiated: org.apache.velocity.runtime.resource.loader.FileResourceLoader
2015-10-21 14:33:30,602 - Do unicode file recognition:  false
2015-10-21 14:33:30,603 - FileResourceLoader : adding path '.'
2015-10-21 14:33:30,615 - ResourceCache: initialized (class org.apache.velocity.runtime.resource.ResourceCacheImpl)
2015-10-21 14:33:30,616 - Loaded System Directive: org.apache.velocity.runtime.directive.Literal
2015-10-21 14:33:30,617 - Loaded System Directive: org.apache.velocity.runtime.directive.Macro
2015-10-21 14:33:30,618 - Loaded System Directive: org.apache.velocity.runtime.directive.Parse
2015-10-21 14:33:30,620 - Loaded System Directive: org.apache.velocity.runtime.directive.Include
2015-10-21 14:33:30,621 - Loaded System Directive: org.apache.velocity.runtime.directive.Foreach
2015-10-21 14:33:30,659 - Created '20' parsers.
2015-10-21 14:33:30,671 - Velocimacro : "velocimacro.library" is not set.  Trying default library: VM_global_library.vm
2015-10-21 14:33:30,672 - Velocimacro : Default library not found.
2015-10-21 14:33:30,673 - Velocimacro : allowInline = true : VMs can be defined inline in templates
2015-10-21 14:33:30,673 - Velocimacro : allowInlineToOverride = false : VMs defined inline may NOT replace previous VM definitions
2015-10-21 14:33:30,673 - Velocimacro : allowInlineLocal = false : VMs defined inline will be global in scope if allowed.
2015-10-21 14:33:30,673 - Velocimacro : autoload off : VM system will not automatically reload global library macros
2015-10-21 14:33:55,020 - Log4JLogChute initialized using file 'velocity.log'
2015-10-21 14:33:55,021 - Velocity was not initialized! Calling init()...
2015-10-21 14:33:55,021 - Starting Apache Velocity v1.5 (compiled: 2007-02-22 08:52:29)
2015-10-21 14:33:55,021 - Default Properties File: org/apache/velocity/runtime/defaults/velocity.properties
2015-10-21 14:33:55,021 - Trying to use logger class org.apache.velocity.runtime.log.AvalonLogChute
2015-10-21 14:33:55,023 - Couldn't find class org.apache.velocity.runtime.log.AvalonLogChute or necessary supporting classes in classpath.
java.lang.NoClassDefFoundError: org/apache/log/format/Formatter
	at java.lang.Class.forName0(Native Method)
	at java.lang.Class.forName(Class.java:270)
	at org.apache.velocity.util.ClassUtils.getClass(ClassUtils.java:63)
	at org.apache.velocity.util.ClassUtils.getNewInstance(ClassUtils.java:95)
	at org.apache.velocity.runtime.log.LogManager.createLogChute(LogManager.java:147)
	at org.apache.velocity.runtime.log.LogManager.updateLog(LogManager.java:208)
	at org.apache.velocity.runtime.RuntimeInstance.initializeLog(RuntimeInstance.java:728)
	at org.apache.velocity.runtime.RuntimeInstance.init(RuntimeInstance.java:240)
	at org.apache.velocity.runtime.RuntimeInstance.parse(RuntimeInstance.java:993)
	at org.apache.velocity.runtime.RuntimeInstance.parse(RuntimeInstance.java:972)
	at org.apache.velocity.runtime.RuntimeSingleton.parse(RuntimeSingleton.java:265)
	at org.apache.velocity.app.Velocity.evaluate(Velocity.java:274)
	at org.sonatype.mavenbook.weather.WeatherFormatter.format(WeatherFormatter.java:21)
	at org.sonatype.mavenbook.weather.WeatherFormatterTest.testFormat(WeatherFormatterTest.java:23)
	at sun.reflect.NativeMethodAccessorImpl.invoke0(Native Method)
	at sun.reflect.NativeMethodAccessorImpl.invoke(NativeMethodAccessorImpl.java:57)
	at sun.reflect.DelegatingMethodAccessorImpl.invoke(DelegatingMethodAccessorImpl.java:43)
	at java.lang.reflect.Method.invoke(Method.java:606)
	at junit.framework.TestCase.runTest(TestCase.java:176)
	at junit.framework.TestCase.runBare(TestCase.java:141)
	at junit.framework.TestResult$1.protect(TestResult.java:122)
	at junit.framework.TestResult.runProtected(TestResult.java:142)
	at junit.framework.TestResult.run(TestResult.java:125)
	at junit.framework.TestCase.run(TestCase.java:129)
	at junit.framework.TestSuite.runTest(TestSuite.java:252)
	at junit.framework.TestSuite.run(TestSuite.java:247)
	at org.junit.internal.runners.JUnit38ClassRunner.run(JUnit38ClassRunner.java:86)
	at org.apache.maven.surefire.junit4.JUnit4TestSet.execute(JUnit4TestSet.java:53)
	at org.apache.maven.surefire.junit4.JUnit4Provider.executeTestSet(JUnit4Provider.java:123)
	at org.apache.maven.surefire.junit4.JUnit4Provider.invoke(JUnit4Provider.java:104)
	at sun.reflect.NativeMethodAccessorImpl.invoke0(Native Method)
	at sun.reflect.NativeMethodAccessorImpl.invoke(NativeMethodAccessorImpl.java:57)
	at sun.reflect.DelegatingMethodAccessorImpl.invoke(DelegatingMethodAccessorImpl.java:43)
	at java.lang.reflect.Method.invoke(Method.java:606)
	at org.apache.maven.surefire.util.ReflectionUtils.invokeMethodWithArray(ReflectionUtils.java:164)
	at org.apache.maven.surefire.booter.ProviderFactory$ProviderProxy.invoke(ProviderFactory.java:110)
	at org.apache.maven.surefire.booter.SurefireStarter.invokeProvider(SurefireStarter.java:175)
	at org.apache.maven.surefire.booter.SurefireStarter.runSuitesInProcessWhenForked(SurefireStarter.java:107)
	at org.apache.maven.surefire.booter.ForkedBooter.main(ForkedBooter.java:68)
Caused by: java.lang.ClassNotFoundException: org.apache.log.format.Formatter
	at java.net.URLClassLoader$1.run(URLClassLoader.java:366)
	at java.net.URLClassLoader$1.run(URLClassLoader.java:355)
	at java.security.AccessController.doPrivileged(Native Method)
	at java.net.URLClassLoader.findClass(URLClassLoader.java:354)
	at java.lang.ClassLoader.loadClass(ClassLoader.java:425)
	at sun.misc.Launcher$AppClassLoader.loadClass(Launcher.java:308)
	at java.lang.ClassLoader.loadClass(ClassLoader.java:358)
	... 39 more
2015-10-21 14:33:55,025 - Trying to use logger class org.apache.velocity.runtime.log.Log4JLogChute
2015-10-21 14:33:55,025 - Using logger class org.apache.velocity.runtime.log.Log4JLogChute
2015-10-21 14:33:55,029 - Default ResourceManager initializing. (class org.apache.velocity.runtime.resource.ResourceManagerImpl)
2015-10-21 14:33:55,035 - ResourceLoader instantiated: org.apache.velocity.runtime.resource.loader.FileResourceLoader
2015-10-21 14:33:55,037 - Do unicode file recognition:  false
2015-10-21 14:33:55,037 - FileResourceLoader : adding path '.'
2015-10-21 14:33:55,052 - ResourceCache: initialized (class org.apache.velocity.runtime.resource.ResourceCacheImpl)
2015-10-21 14:33:55,053 - Loaded System Directive: org.apache.velocity.runtime.directive.Literal
2015-10-21 14:33:55,055 - Loaded System Directive: org.apache.velocity.runtime.directive.Macro
2015-10-21 14:33:55,057 - Loaded System Directive: org.apache.velocity.runtime.directive.Parse
2015-10-21 14:33:55,059 - Loaded System Directive: org.apache.velocity.runtime.directive.Include
2015-10-21 14:33:55,060 - Loaded System Directive: org.apache.velocity.runtime.directive.Foreach
2015-10-21 14:33:55,094 - Created '20' parsers.
2015-10-21 14:33:55,102 - Velocimacro : "velocimacro.library" is not set.  Trying default library: VM_global_library.vm
2015-10-21 14:33:55,103 - Velocimacro : Default library not found.
2015-10-21 14:33:55,103 - Velocimacro : allowInline = true : VMs can be defined inline in templates
2015-10-21 14:33:55,103 - Velocimacro : allowInlineToOverride = false : VMs defined inline may NOT replace previous VM definitions
2015-10-21 14:33:55,103 - Velocimacro : allowInlineLocal = false : VMs defined inline will be global in scope if allowed.
2015-10-21 14:33:55,103 - Velocimacro : autoload off : VM system will not automatically reload global library macros
2015-10-21 14:34:02,811 - Log4JLogChute initialized using file 'velocity.log'
2015-10-21 14:34:02,811 - Velocity was not initialized! Calling init()...
2015-10-21 14:34:02,812 - Starting Apache Velocity v1.5 (compiled: 2007-02-22 08:52:29)
2015-10-21 14:34:02,812 - Default Properties File: org/apache/velocity/runtime/defaults/velocity.properties
2015-10-21 14:34:02,812 - Trying to use logger class org.apache.velocity.runtime.log.AvalonLogChute
2015-10-21 14:34:02,814 - Couldn't find class org.apache.velocity.runtime.log.AvalonLogChute or necessary supporting classes in classpath.
java.lang.NoClassDefFoundError: org/apache/log/format/Formatter
	at java.lang.Class.forName0(Native Method)
	at java.lang.Class.forName(Class.java:270)
	at org.apache.velocity.util.ClassUtils.getClass(ClassUtils.java:63)
	at org.apache.velocity.util.ClassUtils.getNewInstance(ClassUtils.java:95)
	at org.apache.velocity.runtime.log.LogManager.createLogChute(LogManager.java:147)
	at org.apache.velocity.runtime.log.LogManager.updateLog(LogManager.java:208)
	at org.apache.velocity.runtime.RuntimeInstance.initializeLog(RuntimeInstance.java:728)
	at org.apache.velocity.runtime.RuntimeInstance.init(RuntimeInstance.java:240)
	at org.apache.velocity.runtime.RuntimeInstance.parse(RuntimeInstance.java:993)
	at org.apache.velocity.runtime.RuntimeInstance.parse(RuntimeInstance.java:972)
	at org.apache.velocity.runtime.RuntimeSingleton.parse(RuntimeSingleton.java:265)
	at org.apache.velocity.app.Velocity.evaluate(Velocity.java:274)
	at org.sonatype.mavenbook.weather.WeatherFormatter.format(WeatherFormatter.java:21)
	at org.sonatype.mavenbook.weather.Main.start(Main.java:38)
	at org.sonatype.mavenbook.weather.Main.main(Main.java:21)
Caused by: java.lang.ClassNotFoundException: org.apache.log.format.Formatter
	at java.net.URLClassLoader$1.run(URLClassLoader.java:366)
	at java.net.URLClassLoader$1.run(URLClassLoader.java:355)
	at java.security.AccessController.doPrivileged(Native Method)
	at java.net.URLClassLoader.findClass(URLClassLoader.java:354)
	at java.lang.ClassLoader.loadClass(ClassLoader.java:425)
	at sun.misc.Launcher$AppClassLoader.loadClass(Launcher.java:308)
	at java.lang.ClassLoader.loadClass(ClassLoader.java:358)
	... 15 more
2015-10-21 14:34:02,817 - Trying to use logger class org.apache.velocity.runtime.log.Log4JLogChute
2015-10-21 14:34:02,817 - Using logger class org.apache.velocity.runtime.log.Log4JLogChute
2015-10-21 14:34:02,822 - Default ResourceManager initializing. (class org.apache.velocity.runtime.resource.ResourceManagerImpl)
2015-10-21 14:34:02,828 - ResourceLoader instantiated: org.apache.velocity.runtime.resource.loader.FileResourceLoader
2015-10-21 14:34:02,830 - Do unicode file recognition:  false
2015-10-21 14:34:02,830 - FileResourceLoader : adding path '.'
2015-10-21 14:34:02,853 - ResourceCache: initialized (class org.apache.velocity.runtime.resource.ResourceCacheImpl)
2015-10-21 14:34:02,856 - Loaded System Directive: org.apache.velocity.runtime.directive.Literal
2015-10-21 14:34:02,860 - Loaded System Directive: org.apache.velocity.runtime.directive.Macro
2015-10-21 14:34:02,863 - Loaded System Directive: org.apache.velocity.runtime.directive.Parse
2015-10-21 14:34:02,866 - Loaded System Directive: org.apache.velocity.runtime.directive.Include
2015-10-21 14:34:02,868 - Loaded System Directive: org.apache.velocity.runtime.directive.Foreach
2015-10-21 14:34:02,920 - Created '20' parsers.
2015-10-21 14:34:02,930 - Velocimacro : "velocimacro.library" is not set.  Trying default library: VM_global_library.vm
2015-10-21 14:34:02,930 - Velocimacro : Default library not found.
2015-10-21 14:34:02,930 - Velocimacro : allowInline = true : VMs can be defined inline in templates
2015-10-21 14:34:02,930 - Velocimacro : allowInlineToOverride = false : VMs defined inline may NOT replace previous VM definitions
2015-10-21 14:34:02,930 - Velocimacro : allowInlineLocal = false : VMs defined inline will be global in scope if allowed.
2015-10-21 14:34:02,930 - Velocimacro : autoload off : VM system will not automatically reload global library macros
2015-10-21 14:35:33,124 - Log4JLogChute initialized using file 'velocity.log'
2015-10-21 14:35:33,124 - Velocity was not initialized! Calling init()...
2015-10-21 14:35:33,124 - Starting Apache Velocity v1.5 (compiled: 2007-02-22 08:52:29)
2015-10-21 14:35:33,124 - Default Properties File: org/apache/velocity/runtime/defaults/velocity.properties
2015-10-21 14:35:33,124 - Trying to use logger class org.apache.velocity.runtime.log.AvalonLogChute
2015-10-21 14:35:33,126 - Couldn't find class org.apache.velocity.runtime.log.AvalonLogChute or necessary supporting classes in classpath.
java.lang.NoClassDefFoundError: org/apache/log/format/Formatter
	at java.lang.Class.forName0(Native Method)
	at java.lang.Class.forName(Class.java:270)
	at org.apache.velocity.util.ClassUtils.getClass(ClassUtils.java:63)
	at org.apache.velocity.util.ClassUtils.getNewInstance(ClassUtils.java:95)
	at org.apache.velocity.runtime.log.LogManager.createLogChute(LogManager.java:147)
	at org.apache.velocity.runtime.log.LogManager.updateLog(LogManager.java:208)
	at org.apache.velocity.runtime.RuntimeInstance.initializeLog(RuntimeInstance.java:728)
	at org.apache.velocity.runtime.RuntimeInstance.init(RuntimeInstance.java:240)
	at org.apache.velocity.runtime.RuntimeInstance.parse(RuntimeInstance.java:993)
	at org.apache.velocity.runtime.RuntimeInstance.parse(RuntimeInstance.java:972)
	at org.apache.velocity.runtime.RuntimeSingleton.parse(RuntimeSingleton.java:265)
	at org.apache.velocity.app.Velocity.evaluate(Velocity.java:274)
	at org.sonatype.mavenbook.weather.WeatherFormatter.format(WeatherFormatter.java:21)
	at org.sonatype.mavenbook.weather.WeatherFormatterTest.testFormat(WeatherFormatterTest.java:23)
	at sun.reflect.NativeMethodAccessorImpl.invoke0(Native Method)
	at sun.reflect.NativeMethodAccessorImpl.invoke(NativeMethodAccessorImpl.java:57)
	at sun.reflect.DelegatingMethodAccessorImpl.invoke(DelegatingMethodAccessorImpl.java:43)
	at java.lang.reflect.Method.invoke(Method.java:606)
	at junit.framework.TestCase.runTest(TestCase.java:176)
	at junit.framework.TestCase.runBare(TestCase.java:141)
	at junit.framework.TestResult$1.protect(TestResult.java:122)
	at junit.framework.TestResult.runProtected(TestResult.java:142)
	at junit.framework.TestResult.run(TestResult.java:125)
	at junit.framework.TestCase.run(TestCase.java:129)
	at junit.framework.TestSuite.runTest(TestSuite.java:252)
	at junit.framework.TestSuite.run(TestSuite.java:247)
	at org.junit.internal.runners.JUnit38ClassRunner.run(JUnit38ClassRunner.java:86)
	at org.apache.maven.surefire.junit4.JUnit4TestSet.execute(JUnit4TestSet.java:53)
	at org.apache.maven.surefire.junit4.JUnit4Provider.executeTestSet(JUnit4Provider.java:123)
	at org.apache.maven.surefire.junit4.JUnit4Provider.invoke(JUnit4Provider.java:104)
	at sun.reflect.NativeMethodAccessorImpl.invoke0(Native Method)
	at sun.reflect.NativeMethodAccessorImpl.invoke(NativeMethodAccessorImpl.java:57)
	at sun.reflect.DelegatingMethodAccessorImpl.invoke(DelegatingMethodAccessorImpl.java:43)
	at java.lang.reflect.Method.invoke(Method.java:606)
	at org.apache.maven.surefire.util.ReflectionUtils.invokeMethodWithArray(ReflectionUtils.java:164)
	at org.apache.maven.surefire.booter.ProviderFactory$ProviderProxy.invoke(ProviderFactory.java:110)
	at org.apache.maven.surefire.booter.SurefireStarter.invokeProvider(SurefireStarter.java:175)
	at org.apache.maven.surefire.booter.SurefireStarter.runSuitesInProcessWhenForked(SurefireStarter.java:107)
	at org.apache.maven.surefire.booter.ForkedBooter.main(ForkedBooter.java:68)
Caused by: java.lang.ClassNotFoundException: org.apache.log.format.Formatter
	at java.net.URLClassLoader$1.run(URLClassLoader.java:366)
	at java.net.URLClassLoader$1.run(URLClassLoader.java:355)
	at java.security.AccessController.doPrivileged(Native Method)
	at java.net.URLClassLoader.findClass(URLClassLoader.java:354)
	at java.lang.ClassLoader.loadClass(ClassLoader.java:425)
	at sun.misc.Launcher$AppClassLoader.loadClass(Launcher.java:308)
	at java.lang.ClassLoader.loadClass(ClassLoader.java:358)
	... 39 more
2015-10-21 14:35:33,130 - Trying to use logger class org.apache.velocity.runtime.log.Log4JLogChute
2015-10-21 14:35:33,130 - Using logger class org.apache.velocity.runtime.log.Log4JLogChute
2015-10-21 14:35:33,132 - Default ResourceManager initializing. (class org.apache.velocity.runtime.resource.ResourceManagerImpl)
2015-10-21 14:35:33,135 - ResourceLoader instantiated: org.apache.velocity.runtime.resource.loader.FileResourceLoader
2015-10-21 14:35:33,137 - Do unicode file recognition:  false
2015-10-21 14:35:33,137 - FileResourceLoader : adding path '.'
2015-10-21 14:35:33,152 - ResourceCache: initialized (class org.apache.velocity.runtime.resource.ResourceCacheImpl)
2015-10-21 14:35:33,153 - Loaded System Directive: org.apache.velocity.runtime.directive.Literal
2015-10-21 14:35:33,155 - Loaded System Directive: org.apache.velocity.runtime.directive.Macro
2015-10-21 14:35:33,156 - Loaded System Directive: org.apache.velocity.runtime.directive.Parse
2015-10-21 14:35:33,159 - Loaded System Directive: org.apache.velocity.runtime.directive.Include
2015-10-21 14:35:33,160 - Loaded System Directive: org.apache.velocity.runtime.directive.Foreach
2015-10-21 14:35:33,199 - Created '20' parsers.
2015-10-21 14:35:33,209 - Velocimacro : "velocimacro.library" is not set.  Trying default library: VM_global_library.vm
2015-10-21 14:35:33,210 - Velocimacro : Default library not found.
2015-10-21 14:35:33,210 - Velocimacro : allowInline = true : VMs can be defined inline in templates
2015-10-21 14:35:33,210 - Velocimacro : allowInlineToOverride = false : VMs defined inline may NOT replace previous VM definitions
2015-10-21 14:35:33,210 - Velocimacro : allowInlineLocal = false : VMs defined inline will be global in scope if allowed.
2015-10-21 14:35:33,210 - Velocimacro : autoload off : VM system will not automatically reload global library macros
2015-10-21 14:35:41,518 - Log4JLogChute initialized using file 'velocity.log'
2015-10-21 14:35:41,519 - Velocity was not initialized! Calling init()...
2015-10-21 14:35:41,519 - Starting Apache Velocity v1.5 (compiled: 2007-02-22 08:52:29)
2015-10-21 14:35:41,519 - Default Properties File: org/apache/velocity/runtime/defaults/velocity.properties
2015-10-21 14:35:41,519 - Trying to use logger class org.apache.velocity.runtime.log.AvalonLogChute
2015-10-21 14:35:41,521 - Couldn't find class org.apache.velocity.runtime.log.AvalonLogChute or necessary supporting classes in classpath.
java.lang.NoClassDefFoundError: org/apache/log/format/Formatter
	at java.lang.Class.forName0(Native Method)
	at java.lang.Class.forName(Class.java:270)
	at org.apache.velocity.util.ClassUtils.getClass(ClassUtils.java:63)
	at org.apache.velocity.util.ClassUtils.getNewInstance(ClassUtils.java:95)
	at org.apache.velocity.runtime.log.LogManager.createLogChute(LogManager.java:147)
	at org.apache.velocity.runtime.log.LogManager.updateLog(LogManager.java:208)
	at org.apache.velocity.runtime.RuntimeInstance.initializeLog(RuntimeInstance.java:728)
	at org.apache.velocity.runtime.RuntimeInstance.init(RuntimeInstance.java:240)
	at org.apache.velocity.runtime.RuntimeInstance.parse(RuntimeInstance.java:993)
	at org.apache.velocity.runtime.RuntimeInstance.parse(RuntimeInstance.java:972)
	at org.apache.velocity.runtime.RuntimeSingleton.parse(RuntimeSingleton.java:265)
	at org.apache.velocity.app.Velocity.evaluate(Velocity.java:274)
	at org.sonatype.mavenbook.weather.WeatherFormatter.format(WeatherFormatter.java:21)
	at org.sonatype.mavenbook.weather.Main.start(Main.java:38)
	at org.sonatype.mavenbook.weather.Main.main(Main.java:21)
Caused by: java.lang.ClassNotFoundException: org.apache.log.format.Formatter
	at java.net.URLClassLoader$1.run(URLClassLoader.java:366)
	at java.net.URLClassLoader$1.run(URLClassLoader.java:355)
	at java.security.AccessController.doPrivileged(Native Method)
	at java.net.URLClassLoader.findClass(URLClassLoader.java:354)
	at java.lang.ClassLoader.loadClass(ClassLoader.java:425)
	at sun.misc.Launcher$AppClassLoader.loadClass(Launcher.java:308)
	at java.lang.ClassLoader.loadClass(ClassLoader.java:358)
	... 15 more
2015-10-21 14:35:41,523 - Trying to use logger class org.apache.velocity.runtime.log.Log4JLogChute
2015-10-21 14:35:41,523 - Using logger class org.apache.velocity.runtime.log.Log4JLogChute
2015-10-21 14:35:41,526 - Default ResourceManager initializing. (class org.apache.velocity.runtime.resource.ResourceManagerImpl)
2015-10-21 14:35:41,533 - ResourceLoader instantiated: org.apache.velocity.runtime.resource.loader.FileResourceLoader
2015-10-21 14:35:41,537 - Do unicode file recognition:  false
2015-10-21 14:35:41,537 - FileResourceLoader : adding path '.'
2015-10-21 14:35:41,561 - ResourceCache: initialized (class org.apache.velocity.runtime.resource.ResourceCacheImpl)
2015-10-21 14:35:41,564 - Loaded System Directive: org.apache.velocity.runtime.directive.Literal
2015-10-21 14:35:41,566 - Loaded System Directive: org.apache.velocity.runtime.directive.Macro
2015-10-21 14:35:41,569 - Loaded System Directive: org.apache.velocity.runtime.directive.Parse
2015-10-21 14:35:41,572 - Loaded System Directive: org.apache.velocity.runtime.directive.Include
2015-10-21 14:35:41,574 - Loaded System Directive: org.apache.velocity.runtime.directive.Foreach
2015-10-21 14:35:41,625 - Created '20' parsers.
2015-10-21 14:35:41,640 - Velocimacro : "velocimacro.library" is not set.  Trying default library: VM_global_library.vm
2015-10-21 14:35:41,641 - Velocimacro : Default library not found.
2015-10-21 14:35:41,641 - Velocimacro : allowInline = true : VMs can be defined inline in templates
2015-10-21 14:35:41,641 - Velocimacro : allowInlineToOverride = false : VMs defined inline may NOT replace previous VM definitions
2015-10-21 14:35:41,641 - Velocimacro : allowInlineLocal = false : VMs defined inline will be global in scope if allowed.
2015-10-21 14:35:41,641 - Velocimacro : autoload off : VM system will not automatically reload global library macros
